[debug] [2021-01-21T22:33:12.125Z] ----------------------------------------------------------------------
[debug] [2021-01-21T22:33:12.126Z] Command:       C:\Program Files\nodejs\node.exe C:\Users\Hp\AppData\Roaming\npm\node_modules\firebase-tools\lib\bin\firebase.js deploy
[debug] [2021-01-21T22:33:12.127Z] CLI Version:   9.2.1
[debug] [2021-01-21T22:33:12.127Z] Platform:      win32
[debug] [2021-01-21T22:33:12.127Z] Node Version:  v15.5.0
[debug] [2021-01-21T22:33:12.128Z] Time:          Fri Jan 22 2021 04:33:12 GMT+0600 (Bangladesh Standard Time)
[debug] [2021-01-21T22:33:12.128Z] ----------------------------------------------------------------------
[debug] [2021-01-21T22:33:12.128Z] 
[debug] [2021-01-21T22:33:12.134Z] > command requires scopes: ["email","openid","https://www.googleapis.com/auth/cloudplatformprojects.readonly","https://www.googleapis.com/auth/firebase","https://www.googleapis.com/auth/cloud-platform"]
[debug] [2021-01-21T22:33:12.134Z] > authorizing via signed-in user
[debug] [2021-01-21T22:33:12.134Z] [iam] checking project gmaail-clone-9260f for permissions ["firebase.projects.get","firebasehosting.sites.update"]
[debug] [2021-01-21T22:33:12.136Z] > refreshing access token with scopes: ["email","https://www.googleapis.com/auth/cloud-platform","https://www.googleapis.com/auth/cloudplatformprojects.readonly","https://www.googleapis.com/auth/firebase","openid"]
[debug] [2021-01-21T22:33:12.137Z] >>> HTTP REQUEST POST https://www.googleapis.com/oauth2/v3/token  
 <request body omitted>
[debug] [2021-01-21T22:33:12.518Z] <<< HTTP RESPONSE 200 {"expires":"Mon, 01 Jan 1990 00:00:00 GMT","date":"Thu, 21 Jan 2021 22:33:14 GMT","pragma":"no-cache","cache-control":"no-cache, no-store, max-age=0, must-revalidate","content-type":"application/json; charset=utf-8","vary":"X-Origin, Referer, Origin,Accept-Encoding","server":"scaffolding on HTTPServer2","x-xss-protection":"0","x-frame-options":"SAMEORIGIN","x-content-type-options":"nosniff","alt-svc":"h3-29=\":443\"; ma=2592000,h3-T051=\":443\"; ma=2592000,h3-Q050=\":443\"; ma=2592000,h3-Q046=\":443\"; ma=2592000,h3-Q043=\":443\"; ma=2592000,quic=\":443\"; ma=2592000; v=\"46,43\"","accept-ranges":"none","transfer-encoding":"chunked"}
[debug] [2021-01-21T22:33:12.522Z] >>> HTTP REQUEST POST https://cloudresourcemanager.googleapis.com/v1/projects/gmaail-clone-9260f:testIamPermissions  
 {"permissions":["firebase.projects.get","firebasehosting.sites.update"]}
[debug] [2021-01-21T22:33:13.985Z] <<< HTTP RESPONSE 200 {"content-type":"application/json; charset=UTF-8","vary":"X-Origin, Referer, Origin,Accept-Encoding","date":"Thu, 21 Jan 2021 22:33:15 GMT","server":"ESF","cache-control":"private","x-xss-protection":"0","x-frame-options":"SAMEORIGIN","x-content-type-options":"nosniff","server-timing":"gfet4t7; dur=1001","alt-svc":"h3-29=\":443\"; ma=2592000,h3-T051=\":443\"; ma=2592000,h3-Q050=\":443\"; ma=2592000,h3-Q046=\":443\"; ma=2592000,h3-Q043=\":443\"; ma=2592000,quic=\":443\"; ma=2592000; v=\"46,43\"","accept-ranges":"none","transfer-encoding":"chunked"}
[debug] [2021-01-21T22:33:13.986Z] > refreshing access token with scopes: []
[debug] [2021-01-21T22:33:13.987Z] >>> HTTP REQUEST POST https://www.googleapis.com/oauth2/v3/token  
 <request body omitted>
[debug] [2021-01-21T22:33:14.334Z] <<< HTTP RESPONSE 200 {"cache-control":"no-cache, no-store, max-age=0, must-revalidate","date":"Thu, 21 Jan 2021 22:33:16 GMT","pragma":"no-cache","expires":"Mon, 01 Jan 1990 00:00:00 GMT","content-type":"application/json; charset=utf-8","vary":"X-Origin, Referer, Origin,Accept-Encoding","server":"scaffolding on HTTPServer2","x-xss-protection":"0","x-frame-options":"SAMEORIGIN","x-content-type-options":"nosniff","alt-svc":"h3-29=\":443\"; ma=2592000,h3-T051=\":443\"; ma=2592000,h3-Q050=\":443\"; ma=2592000,h3-Q046=\":443\"; ma=2592000,h3-Q043=\":443\"; ma=2592000,quic=\":443\"; ma=2592000; v=\"46,43\"","accept-ranges":"none","transfer-encoding":"chunked"}
[debug] [2021-01-21T22:33:14.338Z] >>> [apiv2][query] GET https://firebase.googleapis.com/v1beta1/projects/gmaail-clone-9260f [none]
[debug] [2021-01-21T22:33:14.920Z] <<< [apiv2][status] GET https://firebase.googleapis.com/v1beta1/projects/gmaail-clone-9260f 200
[debug] [2021-01-21T22:33:14.920Z] <<< [apiv2][body] GET https://firebase.googleapis.com/v1beta1/projects/gmaail-clone-9260f {"projectId":"gmaail-clone-9260f","projectNumber":"540345108260","displayName":"gmaail-clone","name":"projects/gmaail-clone-9260f","resources":{"hostingSite":"gmaail-clone-9260f","storageBucket":"gmaail-clone-9260f.appspot.com","locationId":"us-central"},"state":"ACTIVE"}
[info] 
[info] === Deploying to 'gmaail-clone-9260f'...
[info] 
[info] i  deploying hosting 
[debug] [2021-01-21T22:33:14.931Z] > refreshing access token with scopes: ["email","https://www.googleapis.com/auth/cloud-platform","https://www.googleapis.com/auth/cloudplatformprojects.readonly","https://www.googleapis.com/auth/firebase","openid"]
[debug] [2021-01-21T22:33:14.932Z] >>> HTTP REQUEST POST https://www.googleapis.com/oauth2/v3/token  
 <request body omitted>
[debug] [2021-01-21T22:33:15.291Z] <<< HTTP RESPONSE 200 {"cache-control":"no-cache, no-store, max-age=0, must-revalidate","expires":"Mon, 01 Jan 1990 00:00:00 GMT","date":"Thu, 21 Jan 2021 22:33:17 GMT","pragma":"no-cache","content-type":"application/json; charset=utf-8","vary":"X-Origin, Referer, Origin,Accept-Encoding","server":"scaffolding on HTTPServer2","x-xss-protection":"0","x-frame-options":"SAMEORIGIN","x-content-type-options":"nosniff","alt-svc":"h3-29=\":443\"; ma=2592000,h3-T051=\":443\"; ma=2592000,h3-Q050=\":443\"; ma=2592000,h3-Q046=\":443\"; ma=2592000,h3-Q043=\":443\"; ma=2592000,quic=\":443\"; ma=2592000; v=\"46,43\"","accept-ranges":"none","transfer-encoding":"chunked"}
[debug] [2021-01-21T22:33:15.294Z] >>> HTTP REQUEST POST https://firebasehosting.googleapis.com/v1beta1/sites/gmaail-clone-9260f/versions  
 {"config":{"rewrites":[{"glob":"**","path":"/index.html"}]},"labels":{"deployment-tool":"cli-firebase"}}
[debug] [2021-01-21T22:33:18.770Z] <<< HTTP RESPONSE 200 {"content-type":"application/json; charset=UTF-8","vary":"X-Origin, Referer, Origin,Accept-Encoding","date":"Thu, 21 Jan 2021 22:33:19 GMT","server":"ESF","cache-control":"private","x-xss-protection":"0","x-frame-options":"SAMEORIGIN","x-content-type-options":"nosniff","alt-svc":"h3-29=\":443\"; ma=2592000,h3-T051=\":443\"; ma=2592000,h3-Q050=\":443\"; ma=2592000,h3-Q046=\":443\"; ma=2592000,h3-Q043=\":443\"; ma=2592000,quic=\":443\"; ma=2592000; v=\"46,43\"","accept-ranges":"none","transfer-encoding":"chunked"}
[info] i  hosting[gmaail-clone-9260f]: beginning deploy... 
[info] i  hosting[gmaail-clone-9260f]: found 13 files in build 
[debug] [2021-01-21T22:33:18.787Z] [hosting] hash cache [YnVpbGQ] not populated
[debug] [2021-01-21T22:33:19.503Z] > refreshing access token with scopes: []
[debug] [2021-01-21T22:33:19.503Z] >>> HTTP REQUEST POST https://www.googleapis.com/oauth2/v3/token  
 <request body omitted>
[debug] [2021-01-21T22:33:19.505Z] [hosting] hash cache [YnVpbGQ] stored for 13 files
[debug] [2021-01-21T22:33:19.505Z] [hosting][hash queue][FINAL] {"max":708,"min":17,"avg":78.3076923076923,"active":0,"complete":13,"success":13,"errored":0,"retried":0,"total":13,"elapsed":717}
[debug] [2021-01-21T22:33:19.871Z] <<< HTTP RESPONSE 200 {"expires":"Mon, 01 Jan 1990 00:00:00 GMT","date":"Thu, 21 Jan 2021 22:33:21 GMT","cache-control":"no-cache, no-store, max-age=0, must-revalidate","pragma":"no-cache","content-type":"application/json; charset=utf-8","vary":"X-Origin, Referer, Origin,Accept-Encoding","server":"scaffolding on HTTPServer2","x-xss-protection":"0","x-frame-options":"SAMEORIGIN","x-content-type-options":"nosniff","alt-svc":"h3-29=\":443\"; ma=2592000,h3-T051=\":443\"; ma=2592000,h3-Q050=\":443\"; ma=2592000,h3-Q046=\":443\"; ma=2592000,h3-Q043=\":443\"; ma=2592000,quic=\":443\"; ma=2592000; v=\"46,43\"","accept-ranges":"none","transfer-encoding":"chunked"}
[debug] [2021-01-21T22:33:19.874Z] >>> [apiv2][query] POST https://firebasehosting.googleapis.com/v1beta1/sites/gmaail-clone-9260f/versions/d943941a8b7adcb6:populateFiles [none]
[debug] [2021-01-21T22:33:19.874Z] >>> [apiv2][body] POST https://firebasehosting.googleapis.com/v1beta1/sites/gmaail-clone-9260f/versions/d943941a8b7adcb6:populateFiles {"files":{"/index.html":"36c780f1ce40fca1a06d8a80d8661c928ab7c8e08d5dd4de56790e1765b2809d","/static/css/main.04d42645.chunk.css":"d9653e1f9dc2a5f7427a69d928225a3466b2b04896ccd23f151aa6b7a36e5bf8","/static/css/main.04d42645.chunk.css.map":"f03ff0d59af6be078ab2f38bf5acc3fb048ade6043b871c09699bb14510540e7","/asset-manifest.json":"305264ed9bc8f4189bbd43417ae4c8eff578f9a41d5013081fa7c632767ccfaa","/static/js/2.476b9047.chunk.js.LICENSE.txt":"2fff43414a700ebe9c2b6030cc8045ffc6ca61d0883575ec03b05bea340ae0b7","/static/js/main.f7fe1a88.chunk.js":"fbc0a73cd7c391389b2ae981a7d0f68a0f0038ffa4b1e51cbb91dd083003d14b","/static/js/runtime-main.926bbfb7.js":"3db46ddb96e2e58175adc610488a4e5854551bb91967f59e98e12428bd5260de","/static/js/runtime-main.926bbfb7.js.map":"da900da50b6d5bb418afbdd20dc977c30af43ce7092de367248309b131b9c787","/static/js/main.f7fe1a88.chunk.js.map":"71be2bccebe26c98bfa2aca123e1dd24a23c0007e6a0df123b0df10095463ec7","/static/media/logo.93f46f4b.png":"455b420f25a594be08b31bf6716f9c81cf19cd63de8bfdcd53574f89ae56ea75","/favicon.png":"48b2d421b831b02bee99b3e09b8154310aa4d424fbcf759d015fd322676781c4","/static/js/2.476b9047.chunk.js":"62ed65d1310ad046d1f44d07f4f73029df58f39adf273a9678b97a010a78f615","/static/js/2.476b9047.chunk.js.map":"2b0ff90f0721ea06514e3d171bf7959ac7b8dde04be40adb763ad9a5f493ce4a"}}
[debug] [2021-01-21T22:33:21.632Z] <<< [apiv2][status] POST https://firebasehosting.googleapis.com/v1beta1/sites/gmaail-clone-9260f/versions/d943941a8b7adcb6:populateFiles 200
[debug] [2021-01-21T22:33:21.632Z] <<< [apiv2][body] POST https://firebasehosting.googleapis.com/v1beta1/sites/gmaail-clone-9260f/versions/d943941a8b7adcb6:populateFiles {"uploadRequiredHashes":["da900da50b6d5bb418afbdd20dc977c30af43ce7092de367248309b131b9c787","f03ff0d59af6be078ab2f38bf5acc3fb048ade6043b871c09699bb14510540e7","d9653e1f9dc2a5f7427a69d928225a3466b2b04896ccd23f151aa6b7a36e5bf8","62ed65d1310ad046d1f44d07f4f73029df58f39adf273a9678b97a010a78f615","305264ed9bc8f4189bbd43417ae4c8eff578f9a41d5013081fa7c632767ccfaa","3db46ddb96e2e58175adc610488a4e5854551bb91967f59e98e12428bd5260de","455b420f25a594be08b31bf6716f9c81cf19cd63de8bfdcd53574f89ae56ea75","2b0ff90f0721ea06514e3d171bf7959ac7b8dde04be40adb763ad9a5f493ce4a","36c780f1ce40fca1a06d8a80d8661c928ab7c8e08d5dd4de56790e1765b2809d","48b2d421b831b02bee99b3e09b8154310aa4d424fbcf759d015fd322676781c4","fbc0a73cd7c391389b2ae981a7d0f68a0f0038ffa4b1e51cbb91dd083003d14b","2fff43414a700ebe9c2b6030cc8045ffc6ca61d0883575ec03b05bea340ae0b7","71be2bccebe26c98bfa2aca123e1dd24a23c0007e6a0df123b0df10095463ec7"],"uploadUrl":"https://upload-firebasehosting.googleapis.com/upload/sites/gmaail-clone-9260f/versions/d943941a8b7adcb6/files"}
[debug] [2021-01-21T22:33:21.635Z] >>> [apiv2][query] POST https://upload-firebasehosting.googleapis.com/upload/sites/gmaail-clone-9260f/versions/d943941a8b7adcb6/files/da900da50b6d5bb418afbdd20dc977c30af43ce7092de367248309b131b9c787 [none]
[debug] [2021-01-21T22:33:21.635Z] >>> [apiv2][body] POST https://upload-firebasehosting.googleapis.com/upload/sites/gmaail-clone-9260f/versions/d943941a8b7adcb6/files/da900da50b6d5bb418afbdd20dc977c30af43ce7092de367248309b131b9c787 [stream]
[debug] [2021-01-21T22:33:21.636Z] >>> [apiv2][query] POST https://upload-firebasehosting.googleapis.com/upload/sites/gmaail-clone-9260f/versions/d943941a8b7adcb6/files/f03ff0d59af6be078ab2f38bf5acc3fb048ade6043b871c09699bb14510540e7 [none]
[debug] [2021-01-21T22:33:21.636Z] >>> [apiv2][body] POST https://upload-firebasehosting.googleapis.com/upload/sites/gmaail-clone-9260f/versions/d943941a8b7adcb6/files/f03ff0d59af6be078ab2f38bf5acc3fb048ade6043b871c09699bb14510540e7 [stream]
[debug] [2021-01-21T22:33:21.637Z] >>> [apiv2][query] POST https://upload-firebasehosting.googleapis.com/upload/sites/gmaail-clone-9260f/versions/d943941a8b7adcb6/files/d9653e1f9dc2a5f7427a69d928225a3466b2b04896ccd23f151aa6b7a36e5bf8 [none]
[debug] [2021-01-21T22:33:21.637Z] >>> [apiv2][body] POST https://upload-firebasehosting.googleapis.com/upload/sites/gmaail-clone-9260f/versions/d943941a8b7adcb6/files/d9653e1f9dc2a5f7427a69d928225a3466b2b04896ccd23f151aa6b7a36e5bf8 [stream]
[debug] [2021-01-21T22:33:21.638Z] >>> [apiv2][query] POST https://upload-firebasehosting.googleapis.com/upload/sites/gmaail-clone-9260f/versions/d943941a8b7adcb6/files/62ed65d1310ad046d1f44d07f4f73029df58f39adf273a9678b97a010a78f615 [none]
[debug] [2021-01-21T22:33:21.638Z] >>> [apiv2][body] POST https://upload-firebasehosting.googleapis.com/upload/sites/gmaail-clone-9260f/versions/d943941a8b7adcb6/files/62ed65d1310ad046d1f44d07f4f73029df58f39adf273a9678b97a010a78f615 [stream]
[debug] [2021-01-21T22:33:21.638Z] >>> [apiv2][query] POST https://upload-firebasehosting.googleapis.com/upload/sites/gmaail-clone-9260f/versions/d943941a8b7adcb6/files/305264ed9bc8f4189bbd43417ae4c8eff578f9a41d5013081fa7c632767ccfaa [none]
[debug] [2021-01-21T22:33:21.639Z] >>> [apiv2][body] POST https://upload-firebasehosting.googleapis.com/upload/sites/gmaail-clone-9260f/versions/d943941a8b7adcb6/files/305264ed9bc8f4189bbd43417ae4c8eff578f9a41d5013081fa7c632767ccfaa [stream]
[debug] [2021-01-21T22:33:21.639Z] >>> [apiv2][query] POST https://upload-firebasehosting.googleapis.com/upload/sites/gmaail-clone-9260f/versions/d943941a8b7adcb6/files/3db46ddb96e2e58175adc610488a4e5854551bb91967f59e98e12428bd5260de [none]
[debug] [2021-01-21T22:33:21.639Z] >>> [apiv2][body] POST https://upload-firebasehosting.googleapis.com/upload/sites/gmaail-clone-9260f/versions/d943941a8b7adcb6/files/3db46ddb96e2e58175adc610488a4e5854551bb91967f59e98e12428bd5260de [stream]
[debug] [2021-01-21T22:33:21.640Z] >>> [apiv2][query] POST https://upload-firebasehosting.googleapis.com/upload/sites/gmaail-clone-9260f/versions/d943941a8b7adcb6/files/455b420f25a594be08b31bf6716f9c81cf19cd63de8bfdcd53574f89ae56ea75 [none]
[debug] [2021-01-21T22:33:21.640Z] >>> [apiv2][body] POST https://upload-firebasehosting.googleapis.com/upload/sites/gmaail-clone-9260f/versions/d943941a8b7adcb6/files/455b420f25a594be08b31bf6716f9c81cf19cd63de8bfdcd53574f89ae56ea75 [stream]
[debug] [2021-01-21T22:33:21.640Z] >>> [apiv2][query] POST https://upload-firebasehosting.googleapis.com/upload/sites/gmaail-clone-9260f/versions/d943941a8b7adcb6/files/2b0ff90f0721ea06514e3d171bf7959ac7b8dde04be40adb763ad9a5f493ce4a [none]
[debug] [2021-01-21T22:33:21.640Z] >>> [apiv2][body] POST https://upload-firebasehosting.googleapis.com/upload/sites/gmaail-clone-9260f/versions/d943941a8b7adcb6/files/2b0ff90f0721ea06514e3d171bf7959ac7b8dde04be40adb763ad9a5f493ce4a [stream]
[debug] [2021-01-21T22:33:21.641Z] >>> [apiv2][query] POST https://upload-firebasehosting.googleapis.com/upload/sites/gmaail-clone-9260f/versions/d943941a8b7adcb6/files/36c780f1ce40fca1a06d8a80d8661c928ab7c8e08d5dd4de56790e1765b2809d [none]
[debug] [2021-01-21T22:33:21.641Z] >>> [apiv2][body] POST https://upload-firebasehosting.googleapis.com/upload/sites/gmaail-clone-9260f/versions/d943941a8b7adcb6/files/36c780f1ce40fca1a06d8a80d8661c928ab7c8e08d5dd4de56790e1765b2809d [stream]
[debug] [2021-01-21T22:33:21.641Z] >>> [apiv2][query] POST https://upload-firebasehosting.googleapis.com/upload/sites/gmaail-clone-9260f/versions/d943941a8b7adcb6/files/48b2d421b831b02bee99b3e09b8154310aa4d424fbcf759d015fd322676781c4 [none]
[debug] [2021-01-21T22:33:21.641Z] >>> [apiv2][body] POST https://upload-firebasehosting.googleapis.com/upload/sites/gmaail-clone-9260f/versions/d943941a8b7adcb6/files/48b2d421b831b02bee99b3e09b8154310aa4d424fbcf759d015fd322676781c4 [stream]
[debug] [2021-01-21T22:33:21.642Z] >>> [apiv2][query] POST https://upload-firebasehosting.googleapis.com/upload/sites/gmaail-clone-9260f/versions/d943941a8b7adcb6/files/fbc0a73cd7c391389b2ae981a7d0f68a0f0038ffa4b1e51cbb91dd083003d14b [none]
[debug] [2021-01-21T22:33:21.642Z] >>> [apiv2][body] POST https://upload-firebasehosting.googleapis.com/upload/sites/gmaail-clone-9260f/versions/d943941a8b7adcb6/files/fbc0a73cd7c391389b2ae981a7d0f68a0f0038ffa4b1e51cbb91dd083003d14b [stream]
[debug] [2021-01-21T22:33:21.642Z] >>> [apiv2][query] POST https://upload-firebasehosting.googleapis.com/upload/sites/gmaail-clone-9260f/versions/d943941a8b7adcb6/files/2fff43414a700ebe9c2b6030cc8045ffc6ca61d0883575ec03b05bea340ae0b7 [none]
[debug] [2021-01-21T22:33:21.642Z] >>> [apiv2][body] POST https://upload-firebasehosting.googleapis.com/upload/sites/gmaail-clone-9260f/versions/d943941a8b7adcb6/files/2fff43414a700ebe9c2b6030cc8045ffc6ca61d0883575ec03b05bea340ae0b7 [stream]
[debug] [2021-01-21T22:33:21.645Z] >>> [apiv2][query] POST https://upload-firebasehosting.googleapis.com/upload/sites/gmaail-clone-9260f/versions/d943941a8b7adcb6/files/71be2bccebe26c98bfa2aca123e1dd24a23c0007e6a0df123b0df10095463ec7 [none]
[debug] [2021-01-21T22:33:21.645Z] >>> [apiv2][body] POST https://upload-firebasehosting.googleapis.com/upload/sites/gmaail-clone-9260f/versions/d943941a8b7adcb6/files/71be2bccebe26c98bfa2aca123e1dd24a23c0007e6a0df123b0df10095463ec7 [stream]
[debug] [2021-01-21T22:33:21.645Z] [hosting][populate queue][FINAL] {"max":2132,"min":2132,"avg":2132,"active":0,"complete":1,"success":1,"errored":0,"retried":0,"total":1,"elapsed":2142}
[debug] [2021-01-21T22:33:21.646Z] [hosting] uploads queued: 13
[debug] [2021-01-21T22:33:25.422Z] <<< [apiv2][status] POST https://upload-firebasehosting.googleapis.com/upload/sites/gmaail-clone-9260f/versions/d943941a8b7adcb6/files/71be2bccebe26c98bfa2aca123e1dd24a23c0007e6a0df123b0df10095463ec7 200
[debug] [2021-01-21T22:33:25.422Z] <<< [apiv2][body] POST https://upload-firebasehosting.googleapis.com/upload/sites/gmaail-clone-9260f/versions/d943941a8b7adcb6/files/71be2bccebe26c98bfa2aca123e1dd24a23c0007e6a0df123b0df10095463ec7 [stream]
[debug] [2021-01-21T22:33:26.437Z] <<< [apiv2][status] POST https://upload-firebasehosting.googleapis.com/upload/sites/gmaail-clone-9260f/versions/d943941a8b7adcb6/files/fbc0a73cd7c391389b2ae981a7d0f68a0f0038ffa4b1e51cbb91dd083003d14b 200
[debug] [2021-01-21T22:33:26.437Z] <<< [apiv2][body] POST https://upload-firebasehosting.googleapis.com/upload/sites/gmaail-clone-9260f/versions/d943941a8b7adcb6/files/fbc0a73cd7c391389b2ae981a7d0f68a0f0038ffa4b1e51cbb91dd083003d14b [stream]
[debug] [2021-01-21T22:33:26.535Z] <<< [apiv2][status] POST https://upload-firebasehosting.googleapis.com/upload/sites/gmaail-clone-9260f/versions/d943941a8b7adcb6/files/2fff43414a700ebe9c2b6030cc8045ffc6ca61d0883575ec03b05bea340ae0b7 200
[debug] [2021-01-21T22:33:26.535Z] <<< [apiv2][body] POST https://upload-firebasehosting.googleapis.com/upload/sites/gmaail-clone-9260f/versions/d943941a8b7adcb6/files/2fff43414a700ebe9c2b6030cc8045ffc6ca61d0883575ec03b05bea340ae0b7 [stream]
[debug] [2021-01-21T22:33:27.066Z] <<< [apiv2][status] POST https://upload-firebasehosting.googleapis.com/upload/sites/gmaail-clone-9260f/versions/d943941a8b7adcb6/files/d9653e1f9dc2a5f7427a69d928225a3466b2b04896ccd23f151aa6b7a36e5bf8 200
[debug] [2021-01-21T22:33:27.066Z] <<< [apiv2][body] POST https://upload-firebasehosting.googleapis.com/upload/sites/gmaail-clone-9260f/versions/d943941a8b7adcb6/files/d9653e1f9dc2a5f7427a69d928225a3466b2b04896ccd23f151aa6b7a36e5bf8 [stream]
[debug] [2021-01-21T22:33:27.742Z] <<< [apiv2][status] POST https://upload-firebasehosting.googleapis.com/upload/sites/gmaail-clone-9260f/versions/d943941a8b7adcb6/files/48b2d421b831b02bee99b3e09b8154310aa4d424fbcf759d015fd322676781c4 200
[debug] [2021-01-21T22:33:27.742Z] <<< [apiv2][body] POST https://upload-firebasehosting.googleapis.com/upload/sites/gmaail-clone-9260f/versions/d943941a8b7adcb6/files/48b2d421b831b02bee99b3e09b8154310aa4d424fbcf759d015fd322676781c4 [stream]
[debug] [2021-01-21T22:33:28.015Z] <<< [apiv2][status] POST https://upload-firebasehosting.googleapis.com/upload/sites/gmaail-clone-9260f/versions/d943941a8b7adcb6/files/da900da50b6d5bb418afbdd20dc977c30af43ce7092de367248309b131b9c787 200
[debug] [2021-01-21T22:33:28.016Z] <<< [apiv2][body] POST https://upload-firebasehosting.googleapis.com/upload/sites/gmaail-clone-9260f/versions/d943941a8b7adcb6/files/da900da50b6d5bb418afbdd20dc977c30af43ce7092de367248309b131b9c787 [stream]
[debug] [2021-01-21T22:33:28.358Z] <<< [apiv2][status] POST https://upload-firebasehosting.googleapis.com/upload/sites/gmaail-clone-9260f/versions/d943941a8b7adcb6/files/f03ff0d59af6be078ab2f38bf5acc3fb048ade6043b871c09699bb14510540e7 200
[debug] [2021-01-21T22:33:28.358Z] <<< [apiv2][body] POST https://upload-firebasehosting.googleapis.com/upload/sites/gmaail-clone-9260f/versions/d943941a8b7adcb6/files/f03ff0d59af6be078ab2f38bf5acc3fb048ade6043b871c09699bb14510540e7 [stream]
[debug] [2021-01-21T22:33:28.665Z] <<< [apiv2][status] POST https://upload-firebasehosting.googleapis.com/upload/sites/gmaail-clone-9260f/versions/d943941a8b7adcb6/files/305264ed9bc8f4189bbd43417ae4c8eff578f9a41d5013081fa7c632767ccfaa 200
[debug] [2021-01-21T22:33:28.665Z] <<< [apiv2][body] POST https://upload-firebasehosting.googleapis.com/upload/sites/gmaail-clone-9260f/versions/d943941a8b7adcb6/files/305264ed9bc8f4189bbd43417ae4c8eff578f9a41d5013081fa7c632767ccfaa [stream]
[debug] [2021-01-21T22:33:28.838Z] <<< [apiv2][status] POST https://upload-firebasehosting.googleapis.com/upload/sites/gmaail-clone-9260f/versions/d943941a8b7adcb6/files/36c780f1ce40fca1a06d8a80d8661c928ab7c8e08d5dd4de56790e1765b2809d 200
[debug] [2021-01-21T22:33:28.838Z] <<< [apiv2][body] POST https://upload-firebasehosting.googleapis.com/upload/sites/gmaail-clone-9260f/versions/d943941a8b7adcb6/files/36c780f1ce40fca1a06d8a80d8661c928ab7c8e08d5dd4de56790e1765b2809d [stream]
[debug] [2021-01-21T22:33:29.692Z] <<< [apiv2][status] POST https://upload-firebasehosting.googleapis.com/upload/sites/gmaail-clone-9260f/versions/d943941a8b7adcb6/files/455b420f25a594be08b31bf6716f9c81cf19cd63de8bfdcd53574f89ae56ea75 200
[debug] [2021-01-21T22:33:29.692Z] <<< [apiv2][body] POST https://upload-firebasehosting.googleapis.com/upload/sites/gmaail-clone-9260f/versions/d943941a8b7adcb6/files/455b420f25a594be08b31bf6716f9c81cf19cd63de8bfdcd53574f89ae56ea75 [stream]
[debug] [2021-01-21T22:33:30.282Z] <<< [apiv2][status] POST https://upload-firebasehosting.googleapis.com/upload/sites/gmaail-clone-9260f/versions/d943941a8b7adcb6/files/3db46ddb96e2e58175adc610488a4e5854551bb91967f59e98e12428bd5260de 200
[debug] [2021-01-21T22:33:30.282Z] <<< [apiv2][body] POST https://upload-firebasehosting.googleapis.com/upload/sites/gmaail-clone-9260f/versions/d943941a8b7adcb6/files/3db46ddb96e2e58175adc610488a4e5854551bb91967f59e98e12428bd5260de [stream]
